[21:02:21] [ServerMain/INFO]: Environment: Environment[accountsHost=https://api.mojang.com, sessionHost=https://sessionserver.mojang.com, servicesHost=https://api.minecraftservices.com, name=PROD]
[21:02:22] [ServerMain/INFO]: Loaded 7 recipes
[21:02:23] [Server thread/INFO]: Starting minecraft server version 1.20.2
[21:02:23] [Server thread/INFO]: Loading properties
[21:02:23] [Server thread/INFO]: This server is running CraftBukkit version 3919-Spigot-dba3cdc-e42510b (MC: 1.20.2) (Implementing API version 1.20.2-R0.1-SNAPSHOT)
[21:02:24] [Server thread/INFO]: Server Ping Player Sample Count: 12
[21:02:24] [Server thread/INFO]: Using 4 threads for Netty based IO
[21:02:24] [Server thread/INFO]: Debug logging is disabled
[21:02:24] [Server thread/INFO]: Default game type: SURVIVAL
[21:02:24] [Server thread/INFO]: Generating keypair
[21:02:24] [Server thread/INFO]: Starting Minecraft server on *:25565
[21:02:24] [Server thread/INFO]: Using epoll channel type
[21:02:24] [Server thread/ERROR]: Could not load 'plugins/via.jar' in folder 'plugins'
org.bukkit.plugin.InvalidDescriptionException: Invalid plugin.yml
	at org.bukkit.plugin.java.JavaPluginLoader.getPluginDescription(JavaPluginLoader.java:170) ~[spigot-api-1.20.2-R0.1-SNAPSHOT.jar:?]
	at org.bukkit.plugin.SimplePluginManager.loadPlugins(SimplePluginManager.java:144) ~[spigot-api-1.20.2-R0.1-SNAPSHOT.jar:?]
	at org.bukkit.craftbukkit.v1_20_R2.CraftServer.loadPlugins(CraftServer.java:437) ~[spigot-1.20.2-R0.1-SNAPSHOT.jar:3919-Spigot-dba3cdc-e42510b]
	at net.minecraft.server.dedicated.DedicatedServer.e(DedicatedServer.java:219) ~[spigot-1.20.2-R0.1-SNAPSHOT.jar:3919-Spigot-dba3cdc-e42510b]
	at net.minecraft.server.MinecraftServer.w(MinecraftServer.java:954) ~[spigot-1.20.2-R0.1-SNAPSHOT.jar:3919-Spigot-dba3cdc-e42510b]
	at net.minecraft.server.MinecraftServer.lambda$0(MinecraftServer.java:298) ~[spigot-1.20.2-R0.1-SNAPSHOT.jar:3919-Spigot-dba3cdc-e42510b]
	at java.lang.Thread.run(Thread.java:1583) ~[?:?]
Caused by: java.io.FileNotFoundException: Jar does not contain plugin.yml
	... 7 more
[21:02:24] [Server thread/INFO]: [ViaVersion] Loading ViaVersion v4.10.1
[21:02:24] [Server thread/INFO]: [ViaVersion] ViaVersion 4.10.1 is now loaded. Registering protocol transformers and injecting...
[21:02:24] [Via-Mappingloader-0/INFO]: [ViaVersion] Loading block connection mappings ...
[21:02:25] [Via-Mappingloader-0/INFO]: [ViaVersion] Using FastUtil Long2ObjectOpenHashMap for block connections
[21:02:25] [Server thread/INFO]: [ViaBackwards] Loading translations...
[21:02:25] [Server thread/INFO]: [ViaBackwards] Registering protocols...
[21:02:25] [Server thread/INFO]: [ViaBackwards] Loading ViaBackwards v4.10.1
[21:02:25] [Server thread/INFO]: [PlaceholderAPI] Loading PlaceholderAPI v2.11.5
[21:02:25] [Server thread/INFO]: [ProtocolLib] Loading ProtocolLib v5.2.0-SNAPSHOT-679
[21:02:26] [Server thread/INFO]: [TAB] Loading TAB v4.1.2
[21:02:26] [Server thread/INFO]: [ProtocolLib] Enabling ProtocolLib v5.2.0-SNAPSHOT-679
[21:02:26] [Server thread/INFO]: Preparing level "world"
[21:02:26] [Server thread/INFO]: -------- World Settings For [world] --------
[21:02:26] [Server thread/INFO]: Experience Merge Radius: 3.0
[21:02:26] [Server thread/INFO]: Mob Spawn Range: 6
[21:02:26] [Server thread/INFO]: Custom Map Seeds:  Village: 10387312 Desert: 14357617 Igloo: 14357618 Jungle: 14357619 Swamp: 14357620 Monument: 10387313 Ocean: 14357621 Shipwreck: 165745295 End City: 10387313 Slime: 987234911 Nether: 30084232 Mansion: 10387319 Fossil: 14357921 Portal: 34222645
[21:02:26] [Server thread/INFO]: Max TNT Explosions: 100
[21:02:26] [Server thread/INFO]: Tile Max Tick Time: 50ms Entity max Tick Time: 50ms
[21:02:26] [Server thread/INFO]: Cactus Growth Modifier: 100%
[21:02:26] [Server thread/INFO]: Cane Growth Modifier: 100%
[21:02:26] [Server thread/INFO]: Melon Growth Modifier: 100%
[21:02:26] [Server thread/INFO]: Mushroom Growth Modifier: 100%
[21:02:26] [Server thread/INFO]: Pumpkin Growth Modifier: 100%
[21:02:26] [Server thread/INFO]: Sapling Growth Modifier: 100%
[21:02:26] [Server thread/INFO]: Beetroot Growth Modifier: 100%
[21:02:26] [Server thread/INFO]: Carrot Growth Modifier: 100%
[21:02:26] [Server thread/INFO]: Potato Growth Modifier: 100%
[21:02:26] [Server thread/INFO]: Wheat Growth Modifier: 100%
[21:02:26] [Server thread/INFO]: NetherWart Growth Modifier: 100%
[21:02:26] [Server thread/INFO]: Vine Growth Modifier: 100%
[21:02:26] [Server thread/INFO]: Cocoa Growth Modifier: 100%
[21:02:26] [Server thread/INFO]: Bamboo Growth Modifier: 100%
[21:02:26] [Server thread/INFO]: SweetBerry Growth Modifier: 100%
[21:02:26] [Server thread/INFO]: Kelp Growth Modifier: 100%
[21:02:26] [Server thread/INFO]: TwistingVines Growth Modifier: 100%
[21:02:26] [Server thread/INFO]: WeepingVines Growth Modifier: 100%
[21:02:26] [Server thread/INFO]: CaveVines Growth Modifier: 100%
[21:02:26] [Server thread/INFO]: Entity Activation Range: An 32 / Mo 32 / Ra 48 / Mi 16 / Tiv true / Isa false
[21:02:26] [Server thread/INFO]: Entity Tracking Range: Pl 48 / An 48 / Mo 48 / Mi 32 / Di 128 / Other 64
[21:02:26] [Server thread/INFO]: Hopper Transfer: 8 Hopper Check: 1 Hopper Amount: 1 Hopper Can Load Chunks: false
[21:02:26] [Server thread/INFO]: View Distance: 10
[21:02:26] [Server thread/INFO]: Simulation Distance: 10
[21:02:26] [Server thread/INFO]: Item Despawn Rate: 6000
[21:02:26] [Server thread/INFO]: Item Merge Radius: 2.5
[21:02:26] [Server thread/INFO]: Allow Zombie Pigmen to spawn from portal blocks: true
[21:02:26] [Server thread/INFO]: Arrow Despawn Rate: 1200 Trident Respawn Rate:1200
[21:02:26] [Server thread/INFO]: Zombie Aggressive Towards Villager: true
[21:02:26] [Server thread/INFO]: Nerfing mobs spawned from spawners: false
[21:02:26] [Server thread/INFO]: -------- World Settings For [world_nether] --------
[21:02:26] [Server thread/INFO]: Experience Merge Radius: 3.0
[21:02:26] [Server thread/INFO]: Mob Spawn Range: 6
[21:02:26] [Server thread/INFO]: Custom Map Seeds:  Village: 10387312 Desert: 14357617 Igloo: 14357618 Jungle: 14357619 Swamp: 14357620 Monument: 10387313 Ocean: 14357621 Shipwreck: 165745295 End City: 10387313 Slime: 987234911 Nether: 30084232 Mansion: 10387319 Fossil: 14357921 Portal: 34222645
[21:02:26] [Server thread/INFO]: Max TNT Explosions: 100
[21:02:26] [Server thread/INFO]: Tile Max Tick Time: 50ms Entity max Tick Time: 50ms
[21:02:26] [Server thread/INFO]: Cactus Growth Modifier: 100%
[21:02:26] [Server thread/INFO]: Cane Growth Modifier: 100%
[21:02:26] [Server thread/INFO]: Melon Growth Modifier: 100%
[21:02:26] [Server thread/INFO]: Mushroom Growth Modifier: 100%
[21:02:26] [Server thread/INFO]: Pumpkin Growth Modifier: 100%
[21:02:26] [Server thread/INFO]: Sapling Growth Modifier: 100%
[21:02:26] [Server thread/INFO]: Beetroot Growth Modifier: 100%
[21:02:26] [Server thread/INFO]: Carrot Growth Modifier: 100%
[21:02:26] [Server thread/INFO]: Potato Growth Modifier: 100%
[21:02:26] [Server thread/INFO]: Wheat Growth Modifier: 100%
[21:02:26] [Server thread/INFO]: NetherWart Growth Modifier: 100%
[21:02:26] [Server thread/INFO]: Vine Growth Modifier: 100%
[21:02:26] [Server thread/INFO]: Cocoa Growth Modifier: 100%
[21:02:26] [Server thread/INFO]: Bamboo Growth Modifier: 100%
[21:02:26] [Server thread/INFO]: SweetBerry Growth Modifier: 100%
[21:02:26] [Server thread/INFO]: Kelp Growth Modifier: 100%
[21:02:26] [Server thread/INFO]: TwistingVines Growth Modifier: 100%
[21:02:26] [Server thread/INFO]: WeepingVines Growth Modifier: 100%
[21:02:26] [Server thread/INFO]: CaveVines Growth Modifier: 100%
[21:02:26] [Server thread/INFO]: Entity Activation Range: An 32 / Mo 32 / Ra 48 / Mi 16 / Tiv true / Isa false
[21:02:26] [Server thread/INFO]: Entity Tracking Range: Pl 48 / An 48 / Mo 48 / Mi 32 / Di 128 / Other 64
[21:02:26] [Server thread/INFO]: Hopper Transfer: 8 Hopper Check: 1 Hopper Amount: 1 Hopper Can Load Chunks: false
[21:02:26] [Server thread/INFO]: View Distance: 10
[21:02:26] [Server thread/INFO]: Simulation Distance: 10
[21:02:26] [Server thread/INFO]: Item Despawn Rate: 6000
[21:02:26] [Server thread/INFO]: Item Merge Radius: 2.5
[21:02:26] [Server thread/INFO]: Allow Zombie Pigmen to spawn from portal blocks: true
[21:02:26] [Server thread/INFO]: Arrow Despawn Rate: 1200 Trident Respawn Rate:1200
[21:02:26] [Server thread/INFO]: Zombie Aggressive Towards Villager: true
[21:02:26] [Server thread/INFO]: Nerfing mobs spawned from spawners: false
[21:02:29] [Server thread/INFO]: -------- World Settings For [world_the_end] --------
[21:02:29] [Server thread/INFO]: Experience Merge Radius: 3.0
[21:02:29] [Server thread/INFO]: Mob Spawn Range: 6
[21:02:29] [Server thread/INFO]: Custom Map Seeds:  Village: 10387312 Desert: 14357617 Igloo: 14357618 Jungle: 14357619 Swamp: 14357620 Monument: 10387313 Ocean: 14357621 Shipwreck: 165745295 End City: 10387313 Slime: 987234911 Nether: 30084232 Mansion: 10387319 Fossil: 14357921 Portal: 34222645
[21:02:29] [Server thread/INFO]: Max TNT Explosions: 100
[21:02:29] [Server thread/INFO]: Tile Max Tick Time: 50ms Entity max Tick Time: 50ms
[21:02:29] [Server thread/INFO]: Cactus Growth Modifier: 100%
[21:02:29] [Server thread/INFO]: Cane Growth Modifier: 100%
[21:02:29] [Server thread/INFO]: Melon Growth Modifier: 100%
[21:02:29] [Server thread/INFO]: Mushroom Growth Modifier: 100%
[21:02:29] [Server thread/INFO]: Pumpkin Growth Modifier: 100%
[21:02:29] [Server thread/INFO]: Sapling Growth Modifier: 100%
[21:02:29] [Server thread/INFO]: Beetroot Growth Modifier: 100%
[21:02:29] [Server thread/INFO]: Carrot Growth Modifier: 100%
[21:02:29] [Server thread/INFO]: Potato Growth Modifier: 100%
[21:02:29] [Server thread/INFO]: Wheat Growth Modifier: 100%
[21:02:29] [Server thread/INFO]: NetherWart Growth Modifier: 100%
[21:02:29] [Server thread/INFO]: Vine Growth Modifier: 100%
[21:02:29] [Server thread/INFO]: Cocoa Growth Modifier: 100%
[21:02:29] [Server thread/INFO]: Bamboo Growth Modifier: 100%
[21:02:29] [Server thread/INFO]: SweetBerry Growth Modifier: 100%
[21:02:29] [Server thread/INFO]: Kelp Growth Modifier: 100%
[21:02:29] [Server thread/INFO]: TwistingVines Growth Modifier: 100%
[21:02:29] [Server thread/INFO]: WeepingVines Growth Modifier: 100%
[21:02:29] [Server thread/INFO]: CaveVines Growth Modifier: 100%
[21:02:29] [Server thread/INFO]: Entity Activation Range: An 32 / Mo 32 / Ra 48 / Mi 16 / Tiv true / Isa false
[21:02:29] [Server thread/INFO]: Entity Tracking Range: Pl 48 / An 48 / Mo 48 / Mi 32 / Di 128 / Other 64
[21:02:29] [Server thread/INFO]: Hopper Transfer: 8 Hopper Check: 1 Hopper Amount: 1 Hopper Can Load Chunks: false
[21:02:29] [Server thread/INFO]: View Distance: 10
[21:02:29] [Server thread/INFO]: Simulation Distance: 10
[21:02:29] [Server thread/INFO]: Item Despawn Rate: 6000
[21:02:29] [Server thread/INFO]: Item Merge Radius: 2.5
[21:02:29] [Server thread/INFO]: Allow Zombie Pigmen to spawn from portal blocks: true
[21:02:29] [Server thread/INFO]: Arrow Despawn Rate: 1200 Trident Respawn Rate:1200
[21:02:29] [Server thread/INFO]: Zombie Aggressive Towards Villager: true
[21:02:29] [Server thread/INFO]: Nerfing mobs spawned from spawners: false
[21:02:29] [Server thread/INFO]: Preparing start region for dimension minecraft:overworld
[21:02:32] [Worker-Main-3/INFO]: Preparing spawn area: 0%
[21:02:32] [Worker-Main-3/INFO]: Preparing spawn area: 0%
[21:02:32] [Worker-Main-3/INFO]: Preparing spawn area: 0%
[21:02:32] [Worker-Main-3/INFO]: Preparing spawn area: 0%
[21:02:32] [Worker-Main-3/INFO]: Preparing spawn area: 0%
[21:02:32] [Worker-Main-1/INFO]: Preparing spawn area: 0%
[21:02:32] [Worker-Main-2/INFO]: Preparing spawn area: 0%
[21:02:33] [Worker-Main-3/INFO]: Preparing spawn area: 32%
[21:02:33] [Worker-Main-3/INFO]: Preparing spawn area: 89%
[21:02:33] [Server thread/INFO]: Time elapsed: 4113 ms
[21:02:33] [Server thread/INFO]: Preparing start region for dimension minecraft:the_nether
[21:02:35] [Worker-Main-2/INFO]: Preparing spawn area: 0%
[21:02:35] [Worker-Main-2/INFO]: Preparing spawn area: 0%
[21:02:35] [Worker-Main-2/INFO]: Preparing spawn area: 0%
[21:02:35] [Worker-Main-2/INFO]: Preparing spawn area: 0%
[21:02:35] [Worker-Main-2/INFO]: Preparing spawn area: 32%
[21:02:36] [Server thread/INFO]: Time elapsed: 2322 ms
[21:02:36] [Server thread/INFO]: Preparing start region for dimension minecraft:the_end
[21:02:37] [Worker-Main-3/INFO]: Preparing spawn area: 0%
[21:02:37] [Worker-Main-3/INFO]: Preparing spawn area: 0%
[21:02:37] [Worker-Main-3/INFO]: Preparing spawn area: 0%
[21:02:37] [Worker-Main-2/INFO]: Preparing spawn area: 0%
[21:02:38] [Worker-Main-1/INFO]: Preparing spawn area: 74%
[21:02:38] [Server thread/INFO]: Time elapsed: 2095 ms
[21:02:38] [Server thread/INFO]: [ViaVersion] Enabling ViaVersion v4.10.1
[21:02:38] [Server thread/INFO]: [ViaVersion] ViaVersion detected server version: 1.20.2 (764)
[21:02:38] [Server thread/INFO]: [ViaBackwards] Enabling ViaBackwards v4.10.1
[21:02:38] [Server thread/INFO]: [PlaceholderAPI] Enabling PlaceholderAPI v2.11.5
[21:02:38] [Server thread/INFO]: [PlaceholderAPI] Fetching available expansion information...
[21:02:38] [Server thread/INFO]: [TAB] Enabling TAB v4.1.2
[21:02:38] [Server thread/INFO]: [PlaceholderAPI] Successfully registered internal expansion: tab [4.1.2]
[21:02:38] [Server thread/INFO]: [TAB] [38;2;85;255;85mEnabled in 164ms[m
[21:02:38] [Server thread/INFO]: Server permissions file permissions.yml is empty, ignoring it
[21:02:38] [Server thread/INFO]: [PlaceholderAPI] Placeholder expansion registration initializing...
[21:02:38] [Server thread/INFO]: Done (12.273s)! For help, type "help"
[21:02:38] [Craft Scheduler Thread - 1/INFO]: [ViaVersion] Finished mapping loading, shutting down loader executor!
[21:02:38] [Server thread/INFO]: [0;33;22m0 placeholder hook(s) registered![m
[21:02:38] [Server thread/INFO]: Unknown command. Type "/help" for help.[m
[21:03:06] [Server thread/INFO]: Unknown command. Type "/help" for help.[m
[21:04:09] [Server thread/INFO]: Stopping the server
[21:04:09] [Server thread/INFO]: Stopping server
[21:04:09] [Server thread/INFO]: [TAB] Disabling TAB v4.1.2
[21:04:09] [Server thread/INFO]: [TAB] [38;2;85;255;85mDisabled in 1ms[m
[21:04:09] [Server thread/INFO]: [ProtocolLib] Disabling ProtocolLib v5.2.0-SNAPSHOT-679
[21:04:09] [Server thread/INFO]: [PlaceholderAPI] Disabling PlaceholderAPI v2.11.5
[21:04:09] [Server thread/INFO]: [ViaBackwards] Disabling ViaBackwards v4.10.1
[21:04:09] [Server thread/INFO]: [ViaVersion] Disabling ViaVersion v4.10.1
[21:04:09] [Server thread/INFO]: [ViaVersion] ViaVersion is disabling, if this is a reload and you experience issues consider rebooting.
[21:04:09] [Server thread/INFO]: Saving players
[21:04:09] [Server thread/INFO]: Saving worlds
[21:04:11] [Server thread/INFO]: Saving chunks for level 'ServerLevel[world]'/minecraft:overworld
[21:04:57] [Server thread/INFO]: Saving chunks for level 'ServerLevel[world_nether]'/minecraft:the_nether
[21:04:58] [Server thread/INFO]: Saving chunks for level 'ServerLevel[world_the_end]'/minecraft:the_end
[21:04:58] [Server thread/INFO]: ThreadedAnvilChunkStorage (world): All chunks are saved
[21:04:58] [Server thread/INFO]: ThreadedAnvilChunkStorage (DIM-1): All chunks are saved
[21:04:58] [Server thread/INFO]: ThreadedAnvilChunkStorage (DIM1): All chunks are saved
[21:04:58] [Server thread/INFO]: ThreadedAnvilChunkStorage: All dimensions are saved
